Enquiries repo not found. Run poll_enquiries.py first.
🔍 MIRA Email Enquiry Processor
========================================
No new enquiries found.
🔍 MIRA Email Enquiry Processor
========================================
No new enquiries found.
Enquiries repo not found. Run poll_enquiries.py first.
🔍 MIRA Email Enquiry Processor
========================================
No new enquiries found.
🔍 MIRA Email Enquiry Processor
========================================
No new enquiries found.
Enquiries repo not found. Run poll_enquiries.py first.
🔍 MIRA Email Enquiry Processor
========================================
No new enquiries found.
🔍 MIRA Email Enquiry Processor
========================================
No new enquiries found.
Enquiries repo not found. Run poll_enquiries.py first.
🔍 MIRA Email Enquiry Processor
========================================
No new enquiries found.
🔍 MIRA Email Enquiry Processor
========================================
No new enquiries found.

━━━━━━━━━━━━━━━━━━━━━━━━━━
📊 MIRA LEAD SCORING REPORT
━━━━━━━━━━━━━━━━━━━━━━━━━━

New Enquiries: 0
━━━━━━━━━━━━━━━━━━━━━━━━━━
Qualified (5+):   0 (0.0%)
Not Qualified:    0 (0.0%)
Pending:          0

TOP PAIN POINTS (from qualified leads):

━━━━━━━━━━━━━━━━━━━━━━━━━━
CRITICAL LEADS (9+):
  None

━━━━━━━━━━━━━━━━━━━━━━━━━━
Generated: 2026-04-11 13:00
MIRA Self-Training System

Enquiries repo not found. Run poll_enquiries.py first.
🔍 MIRA Email Enquiry Processor
========================================
No new enquiries found.
🔍 MIRA Email Enquiry Processor
========================================
No new enquiries found.
Enquiries repo not found. Run poll_enquiries.py first.
🔍 MIRA Email Enquiry Processor
========================================
No new enquiries found.
🔍 MIRA Email Enquiry Processor
========================================
No new enquiries found.
Enquiries repo not found. Run poll_enquiries.py first.
🔍 MIRA Email Enquiry Processor
========================================
No new enquiries found.
🔍 MIRA Email Enquiry Processor
========================================
No new enquiries found.
Enquiries repo not found. Run poll_enquiries.py first.
🔍 MIRA Email Enquiry Processor
========================================
No new enquiries found.
🔍 MIRA Email Enquiry Processor
========================================
No new enquiries found.
Enquiries repo not found. Run poll_enquiries.py first.
🔍 MIRA Email Enquiry Processor
========================================
No new enquiries found.
🔍 MIRA Email Enquiry Processor
========================================
No new enquiries found.
Enquiries repo not found. Run poll_enquiries.py first.
🔍 MIRA Email Enquiry Processor
========================================
No new enquiries found.
🔍 MIRA Email Enquiry Processor
========================================
No new enquiries found.

━━━━━━━━━━━━━━━━━━━━━━━━━━
📊 MIRA LEAD SCORING REPORT
━━━━━━━━━━━━━━━━━━━━━━━━━━

New Enquiries: 0
━━━━━━━━━━━━━━━━━━━━━━━━━━
Qualified (5+):   0 (0.0%)
Not Qualified:    0 (0.0%)
Pending:          0

TOP PAIN POINTS (from qualified leads):

━━━━━━━━━━━━━━━━━━━━━━━━━━
CRITICAL LEADS (9+):
  None

━━━━━━━━━━━━━━━━━━━━━━━━━━
Generated: 2026-04-11 14:00
MIRA Self-Training System

Enquiries repo not found. Run poll_enquiries.py first.
🔍 MIRA Email Enquiry Processor
========================================
No new enquiries found.
🔍 MIRA Email Enquiry Processor
========================================
No new enquiries found.
Enquiries repo not found. Run poll_enquiries.py first.
🔍 MIRA Email Enquiry Processor
========================================
No new enquiries found.
🔍 MIRA Email Enquiry Processor
========================================
No new enquiries found.
Enquiries repo not found. Run poll_enquiries.py first.
🔍 MIRA Email Enquiry Processor
========================================
No new enquiries found.
🔍 MIRA Email Enquiry Processor
========================================
No new enquiries found.
Enquiries repo not found. Run poll_enquiries.py first.
🔍 MIRA Email Enquiry Processor
========================================
No new enquiries found.
🔍 MIRA Email Enquiry Processor
========================================
No new enquiries found.
Enquiries repo not found. Run poll_enquiries.py first.
🔍 MIRA Email Enquiry Processor
========================================
No new enquiries found.
🔍 MIRA Email Enquiry Processor
========================================
No new enquiries found.
Enquiries repo not found. Run poll_enquiries.py first.
🔍 MIRA Email Enquiry Processor
========================================
No new enquiries found.
🔍 MIRA Email Enquiry Processor
========================================
No new enquiries found.

━━━━━━━━━━━━━━━━━━━━━━━━━━
📊 MIRA LEAD SCORING REPORT
━━━━━━━━━━━━━━━━━━━━━━━━━━

New Enquiries: 0
━━━━━━━━━━━━━━━━━━━━━━━━━━
Qualified (5+):   0 (0.0%)
Not Qualified:    0 (0.0%)
Pending:          0

TOP PAIN POINTS (from qualified leads):

━━━━━━━━━━━━━━━━━━━━━━━━━━
CRITICAL LEADS (9+):
  None

━━━━━━━━━━━━━━━━━━━━━━━━━━
Generated: 2026-04-11 15:00
MIRA Self-Training System

Enquiries repo not found. Run poll_enquiries.py first.
🔍 MIRA Email Enquiry Processor
========================================
No new enquiries found.
🔍 MIRA Email Enquiry Processor
========================================
No new enquiries found.
Enquiries repo not found. Run poll_enquiries.py first.
🔍 MIRA Email Enquiry Processor
========================================
No new enquiries found.
🔍 MIRA Email Enquiry Processor
========================================
No new enquiries found.
🔍 MIRA Email Enquiry Processor
========================================
No new enquiries found.

━━━━━━━━━━━━━━━━━━━━━━━━━━
📊 MIRA LEAD SCORING REPORT
━━━━━━━━━━━━━━━━━━━━━━━━━━

New Enquiries: 0
━━━━━━━━━━━━━━━━━━━━━━━━━━
Qualified (5+):   0 (0.0%)
Not Qualified:    0 (0.0%)
Pending:          0

TOP PAIN POINTS (from qualified leads):

━━━━━━━━━━━━━━━━━━━━━━━━━━
CRITICAL LEADS (9+):
  None

━━━━━━━━━━━━━━━━━━━━━━━━━━
Generated: 2026-04-11 16:00
MIRA Self-Training System

Enquiries repo not found. Run poll_enquiries.py first.
🔍 MIRA Email Enquiry Processor
========================================
No new enquiries found.
🔍 MIRA Email Enquiry Processor
========================================
No new enquiries found.
Enquiries repo not found. Run poll_enquiries.py first.
🔍 MIRA Email Enquiry Processor
========================================
No new enquiries found.
🔍 MIRA Email Enquiry Processor
========================================
No new enquiries found.
Enquiries repo not found. Run poll_enquiries.py first.
🔍 MIRA Email Enquiry Processor
========================================
No new enquiries found.
🔍 MIRA Email Enquiry Processor
========================================
No new enquiries found.
Enquiries repo not found. Run poll_enquiries.py first.
🔍 MIRA Email Enquiry Processor
========================================
No new enquiries found.
🔍 MIRA Email Enquiry Processor
========================================
No new enquiries found.
Enquiries repo not found. Run poll_enquiries.py first.
🔍 MIRA Email Enquiry Processor
========================================
No new enquiries found.
🔍 MIRA Email Enquiry Processor
========================================
No new enquiries found.
Enquiries repo not found. Run poll_enquiries.py first.
🔍 MIRA Email Enquiry Processor
========================================
No new enquiries found.
🔍 MIRA Email Enquiry Processor
========================================
No new enquiries found.

━━━━━━━━━━━━━━━━━━━━━━━━━━
📊 MIRA LEAD SCORING REPORT
━━━━━━━━━━━━━━━━━━━━━━━━━━

New Enquiries: 0
━━━━━━━━━━━━━━━━━━━━━━━━━━
Qualified (5+):   0 (0.0%)
Not Qualified:    0 (0.0%)
Pending:          0

TOP PAIN POINTS (from qualified leads):

━━━━━━━━━━━━━━━━━━━━━━━━━━
CRITICAL LEADS (9+):
  None

━━━━━━━━━━━━━━━━━━━━━━━━━━
Generated: 2026-04-11 17:00
MIRA Self-Training System

Enquiries repo not found. Run poll_enquiries.py first.
🔍 MIRA Email Enquiry Processor
========================================
No new enquiries found.
Enquiries repo not found. Run poll_enquiries.py first.
🔍 MIRA Email Enquiry Processor
========================================
No new enquiries found.
🔍 MIRA Email Enquiry Processor
========================================
No new enquiries found.
Enquiries repo not found. Run poll_enquiries.py first.
🔍 MIRA Email Enquiry Processor
========================================
No new enquiries found.
🔍 MIRA Email Enquiry Processor
========================================
No new enquiries found.
Enquiries repo not found. Run poll_enquiries.py first.
🔍 MIRA Email Enquiry Processor
========================================
No new enquiries found.
🔍 MIRA Email Enquiry Processor
========================================
No new enquiries found.
Enquiries repo not found. Run poll_enquiries.py first.
🔍 MIRA Email Enquiry Processor
========================================
No new enquiries found.
🔍 MIRA Email Enquiry Processor
========================================
No new enquiries found.
Enquiries repo not found. Run poll_enquiries.py first.
🔍 MIRA Email Enquiry Processor
========================================
No new enquiries found.
🔍 MIRA Email Enquiry Processor
========================================
No new enquiries found.

━━━━━━━━━━━━━━━━━━━━━━━━━━
📊 MIRA LEAD SCORING REPORT
━━━━━━━━━━━━━━━━━━━━━━━━━━

New Enquiries: 0
━━━━━━━━━━━━━━━━━━━━━━━━━━
Qualified (5+):   0 (0.0%)
Not Qualified:    0 (0.0%)
Pending:          0

TOP PAIN POINTS (from qualified leads):

━━━━━━━━━━━━━━━━━━━━━━━━━━
CRITICAL LEADS (9+):
  None

━━━━━━━━━━━━━━━━━━━━━━━━━━
Generated: 2026-04-11 18:00
MIRA Self-Training System

Enquiries repo not found. Run poll_enquiries.py first.
🔍 MIRA Email Enquiry Processor
========================================
No new enquiries found.
🔍 MIRA Email Enquiry Processor
========================================
No new enquiries found.
Enquiries repo not found. Run poll_enquiries.py first.
🔍 MIRA Email Enquiry Processor
========================================
No new enquiries found.
🔍 MIRA Email Enquiry Processor
========================================
No new enquiries found.
Enquiries repo not found. Run poll_enquiries.py first.
🔍 MIRA Email Enquiry Processor
========================================
No new enquiries found.
🔍 MIRA Email Enquiry Processor
========================================
No new enquiries found.
Enquiries repo not found. Run poll_enquiries.py first.
🔍 MIRA Email Enquiry Processor
========================================
No new enquiries found.
🔍 MIRA Email Enquiry Processor
========================================
No new enquiries found.
Enquiries repo not found. Run poll_enquiries.py first.
🔍 MIRA Email Enquiry Processor
========================================
No new enquiries found.
🔍 MIRA Email Enquiry Processor
========================================
No new enquiries found.
Enquiries repo not found. Run poll_enquiries.py first.
🔍 MIRA Email Enquiry Processor
========================================
No new enquiries found.
🔍 MIRA Email Enquiry Processor
========================================
No new enquiries found.

━━━━━━━━━━━━━━━━━━━━━━━━━━
📊 MIRA LEAD SCORING REPORT
━━━━━━━━━━━━━━━━━━━━━━━━━━

New Enquiries: 0
━━━━━━━━━━━━━━━━━━━━━━━━━━
Qualified (5+):   0 (0.0%)
Not Qualified:    0 (0.0%)
Pending:          0

TOP PAIN POINTS (from qualified leads):

━━━━━━━━━━━━━━━━━━━━━━━━━━
CRITICAL LEADS (9+):
  None

━━━━━━━━━━━━━━━━━━━━━━━━━━
Generated: 2026-04-11 19:00
MIRA Self-Training System

Enquiries repo not found. Run poll_enquiries.py first.
🔍 MIRA Email Enquiry Processor
========================================
No new enquiries found.
🔍 MIRA Email Enquiry Processor
========================================
No new enquiries found.
Enquiries repo not found. Run poll_enquiries.py first.
🔍 MIRA Email Enquiry Processor
========================================
No new enquiries found.
🔍 MIRA Email Enquiry Processor
========================================
No new enquiries found.
Enquiries repo not found. Run poll_enquiries.py first.
🔍 MIRA Email Enquiry Processor
========================================
No new enquiries found.
🔍 MIRA Email Enquiry Processor
========================================
No new enquiries found.
Enquiries repo not found. Run poll_enquiries.py first.
🔍 MIRA Email Enquiry Processor
========================================
No new enquiries found.
